<?xml version="1.0" encoding="UTF-8"?>
<!-- Generated by org.testng.reporters.JUnitXMLReporter -->
<testsuite ignored="1" hostname="DESKTOP-H99G7ME" failures="0" tests="6" name="Regression" time="0.117" errors="0" timestamp="2022-09-10T14:20:19 IST">
  <testcase classname="TESTNG.Demo" name="simple" time="0.014"/>
  <testcase classname="TESTNG.Demo1" name="Secondclass" time="0.002"/>
  <testcase classname="TESTNG.Demo2" name="secondclass" time="0.002"/>
  <testcase classname="TESTNG.Login" name="carloan" time="0.002"/>
  <testcase classname="TESTNG.Login" name="homeloan" time="0.003"/>
  <testcase classname="TESTNG.Login" name="personalloan" time="0.004"/>
  <testcase classname="TESTNG.Demo2" name="fourthclaslogins" time="0.0">
    <ignored/>
  </testcase> <!-- fourthclaslogins -->
</testsuite> <!-- Regression -->
