<?xml version="1.0" encoding="UTF-8"?>
<!-- Generated by org.testng.reporters.JUnitXMLReporter -->
<testsuite ignored="1" hostname="DESKTOP-H99G7ME" failures="0" tests="2" name="Test" time="0.09" errors="0" timestamp="2022-09-10T13:56:15 IST">
  <testcase classname="TESTNG.Login" name="carloan" time="0.014"/>
  <testcase classname="TESTNG.Login" name="personalloan" time="0.005"/>
  <testcase classname="TESTNG.Login" name="homeloan" time="0.0">
    <ignored/>
  </testcase> <!-- homeloan -->
</testsuite> <!-- Test -->
