<?xml version="1.0" encoding="UTF-8"?>
<testng-results ignored="1" total="7" passed="6" failed="0" skipped="0">
  <reporter-output>
  </reporter-output>
  <suite started-at="2022-09-10T14:20:19 IST" name="Suite" finished-at="2022-09-10T14:20:19 IST" duration-ms="117">
    <groups>
      <group name="smoke">
        <method signature="Demo.simple()[pri:0, instance:TESTNG.Demo@44a7bfbc]" name="simple" class="TESTNG.Demo"/>
        <method signature="Demo2.secondclass()[pri:0, instance:TESTNG.Demo2@19d481b]" name="secondclass" class="TESTNG.Demo2"/>
        <method signature="Login.homeloan()[pri:0, instance:TESTNG.Login@1f97cf0d]" name="homeloan" class="TESTNG.Login"/>
      </group> <!-- smoke -->
    </groups>
    <test started-at="2022-09-10T14:20:19 IST" name="Regression" finished-at="2022-09-10T14:20:19 IST" duration-ms="117">
      <class name="TESTNG.Demo2">
        <test-method signature="secondclass()[pri:0, instance:TESTNG.Demo2@19d481b]" started-at="2022-09-10T14:20:19 IST" name="secondclass" finished-at="2022-09-10T14:20:19 IST" duration-ms="2" status="PASS">
          <reporter-output>
          </reporter-output>
        </test-method> <!-- secondclass -->
      </class> <!-- TESTNG.Demo2 -->
      <class name="TESTNG.Demo">
        <test-method signature="simple()[pri:0, instance:TESTNG.Demo@44a7bfbc]" started-at="2022-09-10T14:20:19 IST" name="simple" finished-at="2022-09-10T14:20:19 IST" duration-ms="14" status="PASS">
          <reporter-output>
          </reporter-output>
        </test-method> <!-- simple -->
      </class> <!-- TESTNG.Demo -->
      <class name="TESTNG.Login">
        <test-method signature="carloan()[pri:0, instance:TESTNG.Login@1f97cf0d]" started-at="2022-09-10T14:20:19 IST" name="carloan" finished-at="2022-09-10T14:20:19 IST" duration-ms="2" status="PASS">
          <reporter-output>
          </reporter-output>
        </test-method> <!-- carloan -->
        <test-method signature="homeloan()[pri:0, instance:TESTNG.Login@1f97cf0d]" started-at="2022-09-10T14:20:19 IST" name="homeloan" finished-at="2022-09-10T14:20:19 IST" duration-ms="3" status="PASS">
          <reporter-output>
          </reporter-output>
        </test-method> <!-- homeloan -->
        <test-method signature="personalloan()[pri:0, instance:TESTNG.Login@1f97cf0d]" started-at="2022-09-10T14:20:19 IST" name="personalloan" finished-at="2022-09-10T14:20:19 IST" duration-ms="4" status="PASS">
          <reporter-output>
          </reporter-output>
        </test-method> <!-- personalloan -->
      </class> <!-- TESTNG.Login -->
      <class name="TESTNG.Demo1">
        <test-method signature="Secondclass()[pri:0, instance:TESTNG.Demo1@51f116b8]" started-at="2022-09-10T14:20:19 IST" name="Secondclass" finished-at="2022-09-10T14:20:19 IST" duration-ms="2" status="PASS">
          <reporter-output>
          </reporter-output>
        </test-method> <!-- Secondclass -->
      </class> <!-- TESTNG.Demo1 -->
    </test> <!-- Regression -->
  </suite> <!-- Suite -->
</testng-results>
